<?xml version="1.0" encoding="UTF-8"?>
<testng-results ignored="0" total="2" passed="2" failed="0" skipped="0">
  <reporter-output>
  </reporter-output>
  <suite started-at="2025-01-29T16:31:28 IST" name="Suite" finished-at="2025-01-29T16:31:34 IST" duration-ms="5911">
    <groups>
    </groups>
    <test started-at="2025-01-29T16:31:28 IST" name="Test" finished-at="2025-01-29T16:31:34 IST" duration-ms="5911">
      <class name="Demo1.GetTest">
        <test-method signature="test1()[pri:0, instance:Demo1.GetTest@2473d930]" started-at="2025-01-29T16:31:28 IST" name="test1" finished-at="2025-01-29T16:31:32 IST" duration-ms="4073" status="PASS">
          <reporter-output>
          </reporter-output>
        </test-method> <!-- test1 -->
        <test-method signature="test2()[pri:0, instance:Demo1.GetTest@2473d930]" started-at="2025-01-29T16:31:32 IST" name="test2" finished-at="2025-01-29T16:31:34 IST" duration-ms="1753" status="PASS">
          <reporter-output>
          </reporter-output>
        </test-method> <!-- test2 -->
      </class> <!-- Demo1.GetTest -->
    </test> <!-- Test -->
  </suite> <!-- Suite -->
</testng-results>
