<?xml version="1.0" encoding="UTF-8"?>
<testng-results ignored="0" total="2" passed="2" failed="0" skipped="0">
  <reporter-output>
  </reporter-output>
  <suite started-at="2025-01-29T16:10:47 IST" name="Suite" finished-at="2025-01-29T16:10:50 IST" duration-ms="2414">
    <groups>
    </groups>
    <test started-at="2025-01-29T16:10:47 IST" name="Test" finished-at="2025-01-29T16:10:50 IST" duration-ms="2414">
      <class name="Demo1.GetTest">
        <test-method signature="test1()[pri:0, instance:Demo1.GetTest@708f5957]" started-at="2025-01-29T16:10:47 IST" name="test1" finished-at="2025-01-29T16:10:49 IST" duration-ms="1596" status="PASS">
          <reporter-output>
          </reporter-output>
        </test-method> <!-- test1 -->
        <test-method signature="test2()[pri:0, instance:Demo1.GetTest@708f5957]" started-at="2025-01-29T16:10:49 IST" name="test2" finished-at="2025-01-29T16:10:50 IST" duration-ms="778" status="PASS">
          <reporter-output>
          </reporter-output>
        </test-method> <!-- test2 -->
      </class> <!-- Demo1.GetTest -->
    </test> <!-- Test -->
  </suite> <!-- Suite -->
</testng-results>
